Warning: you requested the nanomsg event logger, but bmv2 was compiled without -DBMELOG, and the event logger cannot be activated
Calling target program-options parser
[03:11:38.091] [bmv2] [D] [thread 27984] Set default default entry for table 'IDS_Ingress.ipv4_lpm': NoAction - 
[03:11:38.091] [bmv2] [D] [thread 27984] Set default default entry for table 'tbl_get_flow_status': IDS_Ingress.get_flow_status - 
[03:11:38.092] [bmv2] [D] [thread 27984] Set default default entry for table 'tbl_program214': program214 - 
[03:11:38.092] [bmv2] [D] [thread 27984] Set default default entry for table 'tbl_program218': program218 - 
[03:11:38.092] [bmv2] [D] [thread 27984] Set default default entry for table 'tbl_drop': IDS_Ingress.drop - 
[03:11:38.093] [bmv2] [D] [thread 27984] Set default default entry for table 'IDS_Ingress.signatures': NoAction - 
[03:11:38.093] [bmv2] [D] [thread 27984] Set default default entry for table 'tbl_program225': program225 - 
[03:11:38.093] [bmv2] [D] [thread 27984] Set default default entry for table 'tbl_drop_0': IDS_Ingress.drop - 
Adding interface s3-eth1 as port 1
[03:11:38.096] [bmv2] [D] [thread 27984] Adding interface s3-eth1 as port 1
Adding interface s3-eth2 as port 2
[03:11:38.147] [bmv2] [D] [thread 27984] Adding interface s3-eth2 as port 2
Adding interface s3-eth3 as port 3
[03:11:38.184] [bmv2] [D] [thread 27984] Adding interface s3-eth3 as port 3
[03:11:38.219] [bmv2] [I] [thread 27984] Starting Thrift server on port 9092
[03:11:38.220] [bmv2] [I] [thread 27984] Thrift server was started
[03:11:38.241] [bmv2] [D] [thread 27990] [0.0] [cxt 0] Processing packet received on port 3
[03:11:38.241] [bmv2] [D] [thread 27990] [0.0] [cxt 0] Parser 'parser': start
[03:11:38.241] [bmv2] [D] [thread 27990] [0.0] [cxt 0] Parser 'parser' entering state 'start'
[03:11:38.241] [bmv2] [D] [thread 27990] [0.0] [cxt 0] Extracting header 'ethernet'
[03:11:38.241] [bmv2] [D] [thread 27990] [0.0] [cxt 0] Parser state 'start': key is 86dd
[03:11:38.241] [bmv2] [T] [thread 27990] [0.0] [cxt 0] Bytes parsed: 14
[03:11:38.241] [bmv2] [D] [thread 27990] [0.0] [cxt 0] Parser 'parser': end
[03:11:38.241] [bmv2] [D] [thread 27990] [0.0] [cxt 0] Pipeline 'ingress': start
[03:11:38.242] [bmv2] [T] [thread 27990] [0.0] [cxt 0] /home/p4/p4_prj/simple-IDS/ids_stateless/p4src/program.p4(209) Condition "hdr.ipv4.isValid()" (node_2) is false
[03:11:38.242] [bmv2] [D] [thread 27990] [0.0] [cxt 0] Pipeline 'ingress': end
[03:11:38.242] [bmv2] [D] [thread 27990] [0.0] [cxt 0] Egress port is 0
[03:11:38.242] [bmv2] [D] [thread 27991] [0.0] [cxt 0] Pipeline 'egress': start
[03:11:38.242] [bmv2] [D] [thread 27991] [0.0] [cxt 0] Pipeline 'egress': end
[03:11:38.242] [bmv2] [D] [thread 27991] [0.0] [cxt 0] Deparser 'deparser': start
[03:11:38.242] [bmv2] [T] [thread 27991] [0.0] [cxt 0] Skipping checksum 'cksum' update because condition not met
[03:11:38.242] [bmv2] [D] [thread 27991] [0.0] [cxt 0] Deparsing header 'ethernet'
[03:11:38.242] [bmv2] [D] [thread 27991] [0.0] [cxt 0] Deparser 'deparser': end
[03:11:38.242] [bmv2] [D] [thread 27995] [0.0] [cxt 0] Transmitting packet of size 90 out of port 0
[03:11:38.922] [bmv2] [T] [thread 28106] bm_get_config
[03:11:38.925] [bmv2] [T] [thread 28106] bm_set_default_action
[03:11:38.925] [bmv2] [D] [thread 28106] Set default entry for table 'IDS_Ingress.ipv4_lpm': IDS_Ingress.drop - 
[03:11:38.926] [bmv2] [T] [thread 28106] bm_table_add_entry
[03:11:38.926] [bmv2] [D] [thread 28106] Entry 0 added to table 'IDS_Ingress.ipv4_lpm'
[03:11:38.926] [bmv2] [D] [thread 28106] Dumping entry 0
Match key:
* hdr.ipv4.dstAddr    : LPM       0a000303/32
Action entry: IDS_Ingress.ipv4_forward - a000303,1,

[03:11:38.926] [bmv2] [T] [thread 28106] bm_table_add_entry
[03:11:38.926] [bmv2] [D] [thread 28106] Entry 1 added to table 'IDS_Ingress.ipv4_lpm'
[03:11:38.926] [bmv2] [D] [thread 28106] Dumping entry 1
Match key:
* hdr.ipv4.dstAddr    : LPM       0a000304/32
Action entry: IDS_Ingress.ipv4_forward - a000304,2,

[03:11:38.927] [bmv2] [T] [thread 28106] bm_table_add_entry
[03:11:38.927] [bmv2] [D] [thread 28106] Entry 2 added to table 'IDS_Ingress.ipv4_lpm'
[03:11:38.927] [bmv2] [D] [thread 28106] Dumping entry 2
Match key:
* hdr.ipv4.dstAddr    : LPM       0a000000/16
Action entry: IDS_Ingress.ipv4_forward - 10300,3,

open: No such file or directory
open: No such file or directory
