Warning: you requested the nanomsg event logger, but bmv2 was compiled without -DBMELOG, and the event logger cannot be activated
Calling target program-options parser
[03:11:37.967] [bmv2] [D] [thread 27971] Set default default entry for table 'IDS_Ingress.ipv4_lpm': NoAction - 
[03:11:37.967] [bmv2] [D] [thread 27971] Set default default entry for table 'tbl_get_flow_status': IDS_Ingress.get_flow_status - 
[03:11:37.967] [bmv2] [D] [thread 27971] Set default default entry for table 'tbl_program214': program214 - 
[03:11:37.967] [bmv2] [D] [thread 27971] Set default default entry for table 'tbl_program218': program218 - 
[03:11:37.967] [bmv2] [D] [thread 27971] Set default default entry for table 'tbl_drop': IDS_Ingress.drop - 
[03:11:37.968] [bmv2] [D] [thread 27971] Set default default entry for table 'IDS_Ingress.signatures': NoAction - 
[03:11:37.968] [bmv2] [D] [thread 27971] Set default default entry for table 'tbl_program225': program225 - 
[03:11:37.968] [bmv2] [D] [thread 27971] Set default default entry for table 'tbl_drop_0': IDS_Ingress.drop - 
Adding interface s2-eth1 as port 1
[03:11:37.980] [bmv2] [D] [thread 27971] Adding interface s2-eth1 as port 1
Adding interface s2-eth2 as port 2
[03:11:38.015] [bmv2] [D] [thread 27971] Adding interface s2-eth2 as port 2
[03:11:38.051] [bmv2] [I] [thread 27971] Starting Thrift server on port 9091
[03:11:38.052] [bmv2] [I] [thread 27971] Thrift server was started
[03:11:38.240] [bmv2] [D] [thread 27977] [0.0] [cxt 0] Processing packet received on port 1
[03:11:38.240] [bmv2] [D] [thread 27977] [0.0] [cxt 0] Parser 'parser': start
[03:11:38.240] [bmv2] [D] [thread 27977] [0.0] [cxt 0] Parser 'parser' entering state 'start'
[03:11:38.240] [bmv2] [D] [thread 27977] [0.0] [cxt 0] Extracting header 'ethernet'
[03:11:38.240] [bmv2] [D] [thread 27977] [0.0] [cxt 0] Parser state 'start': key is 86dd
[03:11:38.240] [bmv2] [T] [thread 27977] [0.0] [cxt 0] Bytes parsed: 14
[03:11:38.240] [bmv2] [D] [thread 27977] [0.0] [cxt 0] Parser 'parser': end
[03:11:38.240] [bmv2] [D] [thread 27977] [0.0] [cxt 0] Pipeline 'ingress': start
[03:11:38.240] [bmv2] [T] [thread 27977] [0.0] [cxt 0] /home/p4/p4_prj/simple-IDS/ids_stateless/p4src/program.p4(209) Condition "hdr.ipv4.isValid()" (node_2) is false
[03:11:38.240] [bmv2] [D] [thread 27977] [0.0] [cxt 0] Pipeline 'ingress': end
[03:11:38.240] [bmv2] [D] [thread 27977] [0.0] [cxt 0] Egress port is 0
[03:11:38.240] [bmv2] [D] [thread 27978] [0.0] [cxt 0] Pipeline 'egress': start
[03:11:38.240] [bmv2] [D] [thread 27978] [0.0] [cxt 0] Pipeline 'egress': end
[03:11:38.240] [bmv2] [D] [thread 27978] [0.0] [cxt 0] Deparser 'deparser': start
[03:11:38.240] [bmv2] [T] [thread 27978] [0.0] [cxt 0] Skipping checksum 'cksum' update because condition not met
[03:11:38.240] [bmv2] [D] [thread 27978] [0.0] [cxt 0] Deparsing header 'ethernet'
[03:11:38.240] [bmv2] [D] [thread 27978] [0.0] [cxt 0] Deparser 'deparser': end
[03:11:38.240] [bmv2] [D] [thread 27982] [0.0] [cxt 0] Transmitting packet of size 90 out of port 0
[03:11:38.781] [bmv2] [T] [thread 28104] bm_get_config
[03:11:38.784] [bmv2] [T] [thread 28104] bm_set_default_action
[03:11:38.784] [bmv2] [D] [thread 28104] Set default entry for table 'IDS_Ingress.ipv4_lpm': IDS_Ingress.drop - 
[03:11:38.785] [bmv2] [T] [thread 28104] bm_table_add_entry
[03:11:38.785] [bmv2] [D] [thread 28104] Entry 0 added to table 'IDS_Ingress.ipv4_lpm'
[03:11:38.785] [bmv2] [D] [thread 28104] Dumping entry 0
Match key:
* hdr.ipv4.dstAddr    : LPM       0a000202/32
Action entry: IDS_Ingress.ipv4_forward - a000202,1,

[03:11:38.786] [bmv2] [T] [thread 28104] bm_table_add_entry
[03:11:38.786] [bmv2] [D] [thread 28104] Entry 1 added to table 'IDS_Ingress.ipv4_lpm'
[03:11:38.786] [bmv2] [D] [thread 28104] Dumping entry 1
Match key:
* hdr.ipv4.dstAddr    : LPM       0a000000/16
Action entry: IDS_Ingress.ipv4_forward - 10200,2,

open: No such file or directory
open: No such file or directory
